  webcam_feed.cpp
webcam_feed.cpp(49): warning C4305: 'argument': truncation from 'double' to 'float'
webcam_feed.cpp(50): warning C4305: 'argument': truncation from 'double' to 'float'
webcam_feed.cpp(54): warning C4305: 'argument': truncation from 'double' to 'float'
webcam_feed.cpp(66): warning C4305: 'argument': truncation from 'double' to 'float'
webcam_feed.cpp(127): warning C4244: 'initializing': conversion from 'double' to 'int', possible loss of data
webcam_feed.cpp(160): warning C4244: 'argument': conversion from 'double' to 'float', possible loss of data
webcam_feed.cpp(319): warning C4244: '=': conversion from 'double' to 'float', possible loss of data
webcam_feed.cpp(320): warning C4244: '=': conversion from 'double' to 'float', possible loss of data
webcam_feed.cpp(321): warning C4244: '=': conversion from 'double' to 'float', possible loss of data
webcam_feed.cpp(322): warning C4244: '=': conversion from 'double' to 'float', possible loss of data
webcam_feed.cpp(348): warning C4244: '=': conversion from 'double' to 'float', possible loss of data
webcam_feed.cpp(349): warning C4244: '=': conversion from 'double' to 'float', possible loss of data
webcam_feed.cpp(379): warning C4244: '=': conversion from 'double' to 'float', possible loss of data
webcam_feed.cpp(380): warning C4244: '=': conversion from 'double' to 'float', possible loss of data
webcam_feed.cpp(382): warning C4244: '=': conversion from 'double' to 'float', possible loss of data
webcam_feed.cpp(383): warning C4244: '=': conversion from 'double' to 'float', possible loss of data
webcam_feed.cpp(452): warning C4244: '=': conversion from 'double' to 'float', possible loss of data
webcam_feed.cpp(453): warning C4244: '=': conversion from 'double' to 'float', possible loss of data
webcam_feed.cpp(454): warning C4244: '=': conversion from 'double' to 'float', possible loss of data
webcam_feed.cpp(455): warning C4244: '=': conversion from 'double' to 'float', possible loss of data
webcam_feed.cpp(480): warning C4244: '=': conversion from 'double' to 'float', possible loss of data
webcam_feed.cpp(481): warning C4244: '=': conversion from 'double' to 'float', possible loss of data
webcam_feed.cpp(512): warning C4244: '=': conversion from 'double' to 'float', possible loss of data
webcam_feed.cpp(513): warning C4244: '=': conversion from 'double' to 'float', possible loss of data
webcam_feed.cpp(515): warning C4244: '=': conversion from 'double' to 'float', possible loss of data
webcam_feed.cpp(516): warning C4244: '=': conversion from 'double' to 'float', possible loss of data
webcam_feed.cpp(558): warning C4267: 'initializing': conversion from 'size_t' to 'int', possible loss of data
  Generating code
  27 of 385 functions ( 7.0%) were compiled, the rest were copied from previous compilation.
    0 functions were new in current compilation
    4 functions had inline decision re-evaluated but remain unchanged
  Finished generating code
  16-720-CV-Project.vcxproj -> C:\Users\Shreyans\Desktop\CMU\Spring 2016\02 Computer Vision (16720)\04 Project\16-720-CV-Project\x64\Release\16-720-CV-Project.exe
